1701113276.722525 client started (120617): version 3.2a, socket /tmp/tmux-1000/default, protocol 8
1701113276.722571 on Linux 5.15.0-88-generic #98-Ubuntu SMP Mon Oct 2 15:18:56 UTC 2023
1701113276.722582 using libevent 2.1.12-stable (poll); ncurses 6.3
1701113276.722609 flags are 0x10010000
1701113276.722618 socket is /tmp/tmux-1000/default
1701113276.722639 trying connect
1701113276.722714 add peer 0x55af3ab40b20: 6 ((nil))
1701113276.723209 sending message 100 to peer 0x55af3ab40b20 (4 bytes)
1701113276.723228 sending message 111 to peer 0x55af3ab40b20 (8 bytes)
1701113276.723238 sending message 101 to peer 0x55af3ab40b20 (14 bytes)
1701113276.723247 sending message 109 to peer 0x55af3ab40b20 (4 bytes)
1701113276.723257 sending message 102 to peer 0x55af3ab40b20 (11 bytes)
1701113276.723266 sending message 108 to peer 0x55af3ab40b20 (36 bytes)
1701113276.723276 sending message 112 to peer 0x55af3ab40b20 (70 bytes)
1701113276.723286 sending message 112 to peer 0x55af3ab40b20 (5 bytes)
1701113276.723295 sending message 112 to peer 0x55af3ab40b20 (5 bytes)
1701113276.723305 sending message 112 to peer 0x55af3ab40b20 (6 bytes)
1701113276.723314 sending message 112 to peer 0x55af3ab40b20 (6 bytes)
1701113276.723323 sending message 112 to peer 0x55af3ab40b20 (11 bytes)
1701113276.723333 sending message 112 to peer 0x55af3ab40b20 (10 bytes)
1701113276.723342 sending message 112 to peer 0x55af3ab40b20 (13 bytes)
1701113276.723352 sending message 112 to peer 0x55af3ab40b20 (13 bytes)
1701113276.723362 sending message 112 to peer 0x55af3ab40b20 (18 bytes)
1701113276.723371 sending message 112 to peer 0x55af3ab40b20 (11 bytes)
1701113276.723381 sending message 112 to peer 0x55af3ab40b20 (10 bytes)
1701113276.723390 sending message 112 to peer 0x55af3ab40b20 (15 bytes)
1701113276.723399 sending message 112 to peer 0x55af3ab40b20 (21 bytes)
1701113276.723409 sending message 112 to peer 0x55af3ab40b20 (13 bytes)
1701113276.723418 sending message 112 to peer 0x55af3ab40b20 (7 bytes)
1701113276.723427 sending message 112 to peer 0x55af3ab40b20 (13 bytes)
1701113276.723437 sending message 112 to peer 0x55af3ab40b20 (7 bytes)
1701113276.723446 sending message 112 to peer 0x55af3ab40b20 (13 bytes)
1701113276.723456 sending message 112 to peer 0x55af3ab40b20 (9 bytes)
1701113276.723465 sending message 112 to peer 0x55af3ab40b20 (21 bytes)
1701113276.723475 sending message 112 to peer 0x55af3ab40b20 (13 bytes)
1701113276.723484 sending message 112 to peer 0x55af3ab40b20 (8 bytes)
1701113276.723494 sending message 112 to peer 0x55af3ab40b20 (12 bytes)
1701113276.723503 sending message 112 to peer 0x55af3ab40b20 (13 bytes)
1701113276.723512 sending message 112 to peer 0x55af3ab40b20 (9 bytes)
1701113276.723522 sending message 112 to peer 0x55af3ab40b20 (9 bytes)
1701113276.723531 sending message 112 to peer 0x55af3ab40b20 (12 bytes)
1701113276.723541 sending message 112 to peer 0x55af3ab40b20 (8 bytes)
1701113276.723551 sending message 112 to peer 0x55af3ab40b20 (8 bytes)
1701113276.723560 sending message 112 to peer 0x55af3ab40b20 (7 bytes)
1701113276.723570 sending message 112 to peer 0x55af3ab40b20 (7 bytes)
1701113276.723579 sending message 112 to peer 0x55af3ab40b20 (9 bytes)
1701113276.723589 sending message 112 to peer 0x55af3ab40b20 (13 bytes)
1701113276.723599 sending message 112 to peer 0x55af3ab40b20 (6 bytes)
1701113276.723608 sending message 112 to peer 0x55af3ab40b20 (9 bytes)
1701113276.723617 sending message 112 to peer 0x55af3ab40b20 (15 bytes)
1701113276.723626 sending message 112 to peer 0x55af3ab40b20 (13 bytes)
1701113276.723636 sending message 112 to peer 0x55af3ab40b20 (12 bytes)
1701113276.723645 sending message 112 to peer 0x55af3ab40b20 (8 bytes)
1701113276.723654 sending message 112 to peer 0x55af3ab40b20 (14 bytes)
1701113276.723664 sending message 112 to peer 0x55af3ab40b20 (11 bytes)
1701113276.723672 sending message 112 to peer 0x55af3ab40b20 (9 bytes)
1701113276.723682 sending message 112 to peer 0x55af3ab40b20 (10 bytes)
1701113276.723691 sending message 112 to peer 0x55af3ab40b20 (10 bytes)
1701113276.723701 sending message 112 to peer 0x55af3ab40b20 (10 bytes)
1701113276.723721 sending message 112 to peer 0x55af3ab40b20 (10 bytes)
1701113276.723731 sending message 112 to peer 0x55af3ab40b20 (11 bytes)
1701113276.723740 sending message 112 to peer 0x55af3ab40b20 (12 bytes)
1701113276.723749 sending message 112 to peer 0x55af3ab40b20 (12 bytes)
1701113276.723759 sending message 112 to peer 0x55af3ab40b20 (12 bytes)
1701113276.723768 sending message 112 to peer 0x55af3ab40b20 (12 bytes)
1701113276.723778 sending message 112 to peer 0x55af3ab40b20 (12 bytes)
1701113276.723787 sending message 112 to peer 0x55af3ab40b20 (11 bytes)
1701113276.723797 sending message 112 to peer 0x55af3ab40b20 (11 bytes)
1701113276.723807 sending message 112 to peer 0x55af3ab40b20 (12 bytes)
1701113276.723816 sending message 112 to peer 0x55af3ab40b20 (12 bytes)
1701113276.723826 sending message 112 to peer 0x55af3ab40b20 (12 bytes)
1701113276.723835 sending message 112 to peer 0x55af3ab40b20 (12 bytes)
1701113276.723844 sending message 112 to peer 0x55af3ab40b20 (12 bytes)
1701113276.723854 sending message 112 to peer 0x55af3ab40b20 (10 bytes)
1701113276.723864 sending message 112 to peer 0x55af3ab40b20 (12 bytes)
1701113276.723872 sending message 112 to peer 0x55af3ab40b20 (13 bytes)
1701113276.723881 sending message 112 to peer 0x55af3ab40b20 (13 bytes)
1701113276.723891 sending message 112 to peer 0x55af3ab40b20 (13 bytes)
1701113276.723900 sending message 112 to peer 0x55af3ab40b20 (13 bytes)
1701113276.723910 sending message 112 to peer 0x55af3ab40b20 (13 bytes)
1701113276.723919 sending message 112 to peer 0x55af3ab40b20 (8 bytes)
1701113276.723929 sending message 112 to peer 0x55af3ab40b20 (11 bytes)
1701113276.723939 sending message 112 to peer 0x55af3ab40b20 (11 bytes)
1701113276.723949 sending message 112 to peer 0x55af3ab40b20 (11 bytes)
1701113276.723959 sending message 112 to peer 0x55af3ab40b20 (12 bytes)
1701113276.723968 sending message 112 to peer 0x55af3ab40b20 (12 bytes)
1701113276.723978 sending message 112 to peer 0x55af3ab40b20 (12 bytes)
1701113276.723988 sending message 112 to peer 0x55af3ab40b20 (12 bytes)
1701113276.723997 sending message 112 to peer 0x55af3ab40b20 (13 bytes)
1701113276.724006 sending message 112 to peer 0x55af3ab40b20 (13 bytes)
1701113276.724052 sending message 112 to peer 0x55af3ab40b20 (13 bytes)
1701113276.724064 sending message 112 to peer 0x55af3ab40b20 (8 bytes)
1701113276.724076 sending message 112 to peer 0x55af3ab40b20 (13 bytes)
1701113276.724087 sending message 112 to peer 0x55af3ab40b20 (13 bytes)
1701113276.724099 sending message 112 to peer 0x55af3ab40b20 (13 bytes)
1701113276.724110 sending message 112 to peer 0x55af3ab40b20 (13 bytes)
1701113276.724123 sending message 112 to peer 0x55af3ab40b20 (13 bytes)
1701113276.724133 sending message 112 to peer 0x55af3ab40b20 (12 bytes)
1701113276.724142 sending message 112 to peer 0x55af3ab40b20 (12 bytes)
1701113276.724153 sending message 112 to peer 0x55af3ab40b20 (12 bytes)
1701113276.724162 sending message 112 to peer 0x55af3ab40b20 (12 bytes)
1701113276.724172 sending message 112 to peer 0x55af3ab40b20 (13 bytes)
1701113276.724181 sending message 112 to peer 0x55af3ab40b20 (8 bytes)
1701113276.724191 sending message 112 to peer 0x55af3ab40b20 (13 bytes)
1701113276.724200 sending message 112 to peer 0x55af3ab40b20 (13 bytes)
1701113276.724211 sending message 112 to peer 0x55af3ab40b20 (13 bytes)
1701113276.724220 sending message 112 to peer 0x55af3ab40b20 (13 bytes)
1701113276.724230 sending message 112 to peer 0x55af3ab40b20 (13 bytes)
1701113276.724240 sending message 112 to peer 0x55af3ab40b20 (13 bytes)
1701113276.724249 sending message 112 to peer 0x55af3ab40b20 (13 bytes)
1701113276.724260 sending message 112 to peer 0x55af3ab40b20 (12 bytes)
1701113276.724269 sending message 112 to peer 0x55af3ab40b20 (12 bytes)
1701113276.724279 sending message 112 to peer 0x55af3ab40b20 (12 bytes)
1701113276.724289 sending message 112 to peer 0x55af3ab40b20 (8 bytes)
1701113276.724299 sending message 112 to peer 0x55af3ab40b20 (12 bytes)
1701113276.724308 sending message 112 to peer 0x55af3ab40b20 (13 bytes)
1701113276.724325 sending message 112 to peer 0x55af3ab40b20 (13 bytes)
1701113276.724335 sending message 112 to peer 0x55af3ab40b20 (13 bytes)
1701113276.724344 sending message 112 to peer 0x55af3ab40b20 (13 bytes)
1701113276.724353 sending message 112 to peer 0x55af3ab40b20 (13 bytes)
1701113276.724362 sending message 112 to peer 0x55af3ab40b20 (13 bytes)
1701113276.724372 sending message 112 to peer 0x55af3ab40b20 (13 bytes)
1701113276.724382 sending message 112 to peer 0x55af3ab40b20 (13 bytes)
1701113276.724391 sending message 112 to peer 0x55af3ab40b20 (12 bytes)
1701113276.724400 sending message 112 to peer 0x55af3ab40b20 (10 bytes)
1701113276.724410 sending message 112 to peer 0x55af3ab40b20 (12 bytes)
1701113276.724419 sending message 112 to peer 0x55af3ab40b20 (12 bytes)
1701113276.724428 sending message 112 to peer 0x55af3ab40b20 (12 bytes)
1701113276.724439 sending message 112 to peer 0x55af3ab40b20 (13 bytes)
1701113276.724448 sending message 112 to peer 0x55af3ab40b20 (13 bytes)
1701113276.724458 sending message 112 to peer 0x55af3ab40b20 (13 bytes)
1701113276.724467 sending message 112 to peer 0x55af3ab40b20 (13 bytes)
1701113276.724477 sending message 112 to peer 0x55af3ab40b20 (13 bytes)
1701113276.724487 sending message 112 to peer 0x55af3ab40b20 (13 bytes)
1701113276.724496 sending message 112 to peer 0x55af3ab40b20 (13 bytes)
1701113276.724504 sending message 112 to peer 0x55af3ab40b20 (10 bytes)
1701113276.724515 sending message 112 to peer 0x55af3ab40b20 (13 bytes)
1701113276.724523 sending message 112 to peer 0x55af3ab40b20 (12 bytes)
1701113276.724534 sending message 112 to peer 0x55af3ab40b20 (12 bytes)
1701113276.724542 sending message 112 to peer 0x55af3ab40b20 (12 bytes)
1701113276.724553 sending message 112 to peer 0x55af3ab40b20 (10 bytes)
1701113276.724562 sending message 112 to peer 0x55af3ab40b20 (10 bytes)
1701113276.724572 sending message 112 to peer 0x55af3ab40b20 (10 bytes)
1701113276.724581 sending message 112 to peer 0x55af3ab40b20 (12 bytes)
1701113276.724591 sending message 112 to peer 0x55af3ab40b20 (13 bytes)
1701113276.724601 sending message 112 to peer 0x55af3ab40b20 (13 bytes)
1701113276.724611 sending message 112 to peer 0x55af3ab40b20 (13 bytes)
1701113276.724620 sending message 112 to peer 0x55af3ab40b20 (13 bytes)
1701113276.724630 sending message 112 to peer 0x55af3ab40b20 (13 bytes)
1701113276.724639 sending message 112 to peer 0x55af3ab40b20 (11 bytes)
1701113276.724647 sending message 112 to peer 0x55af3ab40b20 (11 bytes)
1701113276.724657 sending message 112 to peer 0x55af3ab40b20 (12 bytes)
1701113276.724667 sending message 112 to peer 0x55af3ab40b20 (12 bytes)
1701113276.724677 sending message 112 to peer 0x55af3ab40b20 (12 bytes)
1701113276.724685 sending message 112 to peer 0x55af3ab40b20 (12 bytes)
1701113276.724694 sending message 112 to peer 0x55af3ab40b20 (12 bytes)
1701113276.724705 sending message 112 to peer 0x55af3ab40b20 (11 bytes)
1701113276.724714 sending message 112 to peer 0x55af3ab40b20 (12 bytes)
1701113276.724724 sending message 112 to peer 0x55af3ab40b20 (12 bytes)
1701113276.724733 sending message 112 to peer 0x55af3ab40b20 (13 bytes)
1701113276.724743 sending message 112 to peer 0x55af3ab40b20 (13 bytes)
1701113276.724751 sending message 112 to peer 0x55af3ab40b20 (13 bytes)
1701113276.724762 sending message 112 to peer 0x55af3ab40b20 (13 bytes)
1701113276.724770 sending message 112 to peer 0x55af3ab40b20 (13 bytes)
1701113276.724779 sending message 112 to peer 0x55af3ab40b20 (10 bytes)
1701113276.724789 sending message 112 to peer 0x55af3ab40b20 (9 bytes)
1701113276.724799 sending message 112 to peer 0x55af3ab40b20 (12 bytes)
1701113276.724808 sending message 112 to peer 0x55af3ab40b20 (13 bytes)
1701113276.724818 sending message 112 to peer 0x55af3ab40b20 (13 bytes)
1701113276.724827 sending message 112 to peer 0x55af3ab40b20 (13 bytes)
1701113276.724837 sending message 112 to peer 0x55af3ab40b20 (13 bytes)
1701113276.724845 sending message 112 to peer 0x55af3ab40b20 (13 bytes)
1701113276.724855 sending message 112 to peer 0x55af3ab40b20 (9 bytes)
1701113276.724869 sending message 112 to peer 0x55af3ab40b20 (12 bytes)
1701113276.724879 sending message 112 to peer 0x55af3ab40b20 (13 bytes)
1701113276.724888 sending message 112 to peer 0x55af3ab40b20 (13 bytes)
1701113276.724897 sending message 112 to peer 0x55af3ab40b20 (13 bytes)
1701113276.724907 sending message 112 to peer 0x55af3ab40b20 (13 bytes)
1701113276.724917 sending message 112 to peer 0x55af3ab40b20 (13 bytes)
1701113276.724925 sending message 112 to peer 0x55af3ab40b20 (11 bytes)
1701113276.724939 sending message 112 to peer 0x55af3ab40b20 (12 bytes)
1701113276.724948 sending message 112 to peer 0x55af3ab40b20 (13 bytes)
1701113276.724958 sending message 112 to peer 0x55af3ab40b20 (13 bytes)
1701113276.724967 sending message 112 to peer 0x55af3ab40b20 (13 bytes)
1701113276.724976 sending message 112 to peer 0x55af3ab40b20 (13 bytes)
1701113276.724986 sending message 112 to peer 0x55af3ab40b20 (13 bytes)
1701113276.724995 sending message 112 to peer 0x55af3ab40b20 (11 bytes)
1701113276.725005 sending message 112 to peer 0x55af3ab40b20 (12 bytes)
1701113276.725014 sending message 112 to peer 0x55af3ab40b20 (12 bytes)
1701113276.725022 sending message 112 to peer 0x55af3ab40b20 (12 bytes)
1701113276.725032 sending message 112 to peer 0x55af3ab40b20 (12 bytes)
1701113276.725042 sending message 112 to peer 0x55af3ab40b20 (12 bytes)
1701113276.725051 sending message 112 to peer 0x55af3ab40b20 (21 bytes)
1701113276.725059 sending message 112 to peer 0x55af3ab40b20 (12 bytes)
1701113276.725069 sending message 112 to peer 0x55af3ab40b20 (9 bytes)
1701113276.725077 sending message 112 to peer 0x55af3ab40b20 (6 bytes)
1701113276.725091 sending message 112 to peer 0x55af3ab40b20 (8 bytes)
1701113276.725101 sending message 112 to peer 0x55af3ab40b20 (15 bytes)
1701113276.725109 sending message 112 to peer 0x55af3ab40b20 (13 bytes)
1701113276.725118 sending message 112 to peer 0x55af3ab40b20 (9 bytes)
1701113276.725126 sending message 112 to peer 0x55af3ab40b20 (70 bytes)
1701113276.725137 sending message 112 to peer 0x55af3ab40b20 (69 bytes)
1701113276.725147 sending message 112 to peer 0x55af3ab40b20 (10 bytes)
1701113276.725156 sending message 112 to peer 0x55af3ab40b20 (10 bytes)
1701113276.725165 sending message 112 to peer 0x55af3ab40b20 (8 bytes)
1701113276.725175 sending message 112 to peer 0x55af3ab40b20 (15 bytes)
1701113276.725183 sending message 112 to peer 0x55af3ab40b20 (13 bytes)
1701113276.725193 sending message 112 to peer 0x55af3ab40b20 (10 bytes)
1701113276.725201 sending message 112 to peer 0x55af3ab40b20 (10 bytes)
1701113276.725211 sending message 112 to peer 0x55af3ab40b20 (17 bytes)
1701113276.725220 sending message 112 to peer 0x55af3ab40b20 (10 bytes)
1701113276.725229 sending message 112 to peer 0x55af3ab40b20 (13 bytes)
1701113276.725241 sending message 112 to peer 0x55af3ab40b20 (9 bytes)
1701113276.725250 sending message 112 to peer 0x55af3ab40b20 (5 bytes)
1701113276.725260 sending message 112 to peer 0x55af3ab40b20 (15 bytes)
1701113276.725270 sending message 104 to peer 0x55af3ab40b20 (0 bytes)
1701113276.725280 sending message 110 to peer 0x55af3ab40b20 (0 bytes)
1701113276.725290 sending message 107 to peer 0x55af3ab40b20 (4 bytes)
1701113276.725299 sending message 105 to peer 0x55af3ab40b20 (20 bytes)
1701113276.725309 sending message 105 to peer 0x55af3ab40b20 (54 bytes)
1701113276.725318 sending message 105 to peer 0x55af3ab40b20 (23 bytes)
1701113276.725327 sending message 105 to peer 0x55af3ab40b20 (11 bytes)
1701113276.725337 sending message 105 to peer 0x55af3ab40b20 (18 bytes)
1701113276.725346 sending message 105 to peer 0x55af3ab40b20 (44 bytes)
1701113276.725355 sending message 105 to peer 0x55af3ab40b20 (23 bytes)
1701113276.725363 sending message 105 to peer 0x55af3ab40b20 (32 bytes)
1701113276.725373 sending message 105 to peer 0x55af3ab40b20 (86 bytes)
1701113276.725382 sending message 105 to peer 0x55af3ab40b20 (30 bytes)
1701113276.725395 sending message 105 to peer 0x55af3ab40b20 (28 bytes)
1701113276.725404 sending message 105 to peer 0x55af3ab40b20 (18 bytes)
1701113276.725419 sending message 105 to peer 0x55af3ab40b20 (17 bytes)
1701113276.725428 sending message 105 to peer 0x55af3ab40b20 (23 bytes)
1701113276.725438 sending message 105 to peer 0x55af3ab40b20 (30 bytes)
1701113276.725446 sending message 105 to peer 0x55af3ab40b20 (27 bytes)
1701113276.725455 sending message 105 to peer 0x55af3ab40b20 (24 bytes)
1701113276.725465 sending message 105 to peer 0x55af3ab40b20 (20 bytes)
1701113276.725474 sending message 105 to peer 0x55af3ab40b20 (23 bytes)
1701113276.725484 sending message 105 to peer 0x55af3ab40b20 (21 bytes)
1701113276.725493 sending message 105 to peer 0x55af3ab40b20 (25 bytes)
1701113276.725502 sending message 105 to peer 0x55af3ab40b20 (8 bytes)
1701113276.725511 sending message 105 to peer 0x55af3ab40b20 (15 bytes)
1701113276.725521 sending message 105 to peer 0x55af3ab40b20 (32 bytes)
1701113276.725530 sending message 105 to peer 0x55af3ab40b20 (1519 bytes)
1701113276.725569 sending message 105 to peer 0x55af3ab40b20 (26 bytes)
1701113276.725579 sending message 105 to peer 0x55af3ab40b20 (43 bytes)
1701113276.725588 sending message 105 to peer 0x55af3ab40b20 (11 bytes)
1701113276.725598 sending message 105 to peer 0x55af3ab40b20 (762 bytes)
1701113276.725608 sending message 105 to peer 0x55af3ab40b20 (40 bytes)
1701113276.725617 sending message 105 to peer 0x55af3ab40b20 (19 bytes)
1701113276.725627 sending message 105 to peer 0x55af3ab40b20 (18 bytes)
1701113276.725636 sending message 105 to peer 0x55af3ab40b20 (96 bytes)
1701113276.725646 sending message 105 to peer 0x55af3ab40b20 (19 bytes)
1701113276.725656 sending message 105 to peer 0x55af3ab40b20 (8 bytes)
1701113276.725666 sending message 105 to peer 0x55af3ab40b20 (33 bytes)
1701113276.725675 sending message 105 to peer 0x55af3ab40b20 (41 bytes)
1701113276.725685 sending message 105 to peer 0x55af3ab40b20 (22 bytes)
1701113276.725694 sending message 105 to peer 0x55af3ab40b20 (19 bytes)
1701113276.725704 sending message 105 to peer 0x55af3ab40b20 (18 bytes)
1701113276.725714 sending message 105 to peer 0x55af3ab40b20 (26 bytes)
1701113276.725723 sending message 105 to peer 0x55af3ab40b20 (37 bytes)
1701113276.725733 sending message 105 to peer 0x55af3ab40b20 (14 bytes)
1701113276.725743 sending message 105 to peer 0x55af3ab40b20 (53 bytes)
1701113276.725753 sending message 105 to peer 0x55af3ab40b20 (12 bytes)
1701113276.725762 sending message 105 to peer 0x55af3ab40b20 (16 bytes)
1701113276.725772 sending message 105 to peer 0x55af3ab40b20 (17 bytes)
1701113276.725782 sending message 105 to peer 0x55af3ab40b20 (26 bytes)
1701113276.725791 sending message 105 to peer 0x55af3ab40b20 (54 bytes)
1701113276.725802 sending message 105 to peer 0x55af3ab40b20 (33 bytes)
1701113276.725811 sending message 105 to peer 0x55af3ab40b20 (146 bytes)
1701113276.725821 sending message 105 to peer 0x55af3ab40b20 (23 bytes)
1701113276.725830 sending message 105 to peer 0x55af3ab40b20 (31 bytes)
1701113276.725840 sending message 105 to peer 0x55af3ab40b20 (23 bytes)
1701113276.725848 sending message 105 to peer 0x55af3ab40b20 (27 bytes)
1701113276.725858 sending message 105 to peer 0x55af3ab40b20 (25 bytes)
1701113276.725867 sending message 105 to peer 0x55af3ab40b20 (20 bytes)
1701113276.725878 sending message 105 to peer 0x55af3ab40b20 (28 bytes)
1701113276.725887 sending message 105 to peer 0x55af3ab40b20 (40 bytes)
1701113276.725897 sending message 105 to peer 0x55af3ab40b20 (30 bytes)
1701113276.725906 sending message 105 to peer 0x55af3ab40b20 (16 bytes)
1701113276.725916 sending message 105 to peer 0x55af3ab40b20 (76 bytes)
1701113276.725927 sending message 105 to peer 0x55af3ab40b20 (39 bytes)
1701113276.725936 sending message 105 to peer 0x55af3ab40b20 (44 bytes)
1701113276.725946 sending message 105 to peer 0x55af3ab40b20 (35 bytes)
1701113276.725955 sending message 105 to peer 0x55af3ab40b20 (46 bytes)
1701113276.725965 sending message 105 to peer 0x55af3ab40b20 (17 bytes)
1701113276.725974 sending message 105 to peer 0x55af3ab40b20 (29 bytes)
1701113276.725992 sending message 105 to peer 0x55af3ab40b20 (16 bytes)
1701113276.726002 sending message 105 to peer 0x55af3ab40b20 (16 bytes)
1701113276.726012 sending message 105 to peer 0x55af3ab40b20 (52 bytes)
1701113276.726021 sending message 105 to peer 0x55af3ab40b20 (61 bytes)
1701113276.726031 sending message 105 to peer 0x55af3ab40b20 (46 bytes)
1701113276.726040 sending message 105 to peer 0x55af3ab40b20 (45 bytes)
1701113276.726051 sending message 105 to peer 0x55af3ab40b20 (42 bytes)
1701113276.726060 sending message 105 to peer 0x55af3ab40b20 (38 bytes)
1701113276.726070 sending message 105 to peer 0x55af3ab40b20 (49 bytes)
1701113276.726079 sending message 105 to peer 0x55af3ab40b20 (44 bytes)
1701113276.726089 sending message 105 to peer 0x55af3ab40b20 (30 bytes)
1701113276.726098 sending message 105 to peer 0x55af3ab40b20 (70 bytes)
1701113276.726107 sending message 105 to peer 0x55af3ab40b20 (53 bytes)
1701113276.726117 sending message 105 to peer 0x55af3ab40b20 (30 bytes)
1701113276.726127 sending message 105 to peer 0x55af3ab40b20 (32 bytes)
1701113276.726136 sending message 105 to peer 0x55af3ab40b20 (46 bytes)
1701113276.726145 sending message 105 to peer 0x55af3ab40b20 (25 bytes)
1701113276.726155 sending message 105 to peer 0x55af3ab40b20 (54 bytes)
1701113276.726165 sending message 105 to peer 0x55af3ab40b20 (67 bytes)
1701113276.726175 sending message 105 to peer 0x55af3ab40b20 (43 bytes)
1701113276.726184 sending message 105 to peer 0x55af3ab40b20 (50 bytes)
1701113276.726194 sending message 105 to peer 0x55af3ab40b20 (56 bytes)
1701113276.726204 sending message 105 to peer 0x55af3ab40b20 (47 bytes)
1701113276.726213 sending message 105 to peer 0x55af3ab40b20 (48 bytes)
1701113276.726223 sending message 106 to peer 0x55af3ab40b20 (0 bytes)
1701113276.726238 sending message 200 to peer 0x55af3ab40b20 (4 bytes)
1701113276.726248 client loop enter
1701113276.727285 peer 0x55af3ab40b20 message 303
1701113276.727310 open write file 2 -
1701113276.727327 sending message 305 to peer 0x55af3ab40b20 (8 bytes)
1701113276.727344 write check file 2
1701113276.727566 peer 0x55af3ab40b20 message 304
1701113276.727576 write 58 to file 2
1701113276.727587 peer 0x55af3ab40b20 message 203
1701113276.727596 file 2 58 bytes left
1701113276.727622 write check file 2
1701113276.727631 client loop exit
