1701113270.095322 client started (119886): version 3.2a, socket /tmp/tmux-1000/default, protocol 8
1701113270.095369 on Linux 5.15.0-88-generic #98-Ubuntu SMP Mon Oct 2 15:18:56 UTC 2023
1701113270.095381 using libevent 2.1.12-stable (poll); ncurses 6.3
1701113270.095408 flags are 0x10010000
1701113270.095417 socket is /tmp/tmux-1000/default
1701113270.095438 trying connect
1701113270.095520 add peer 0x560e4e483ce0: 6 ((nil))
1701113270.095960 sending message 100 to peer 0x560e4e483ce0 (4 bytes)
1701113270.095977 sending message 111 to peer 0x560e4e483ce0 (8 bytes)
1701113270.095989 sending message 101 to peer 0x560e4e483ce0 (15 bytes)
1701113270.095999 sending message 109 to peer 0x560e4e483ce0 (4 bytes)
1701113270.096041 sending message 102 to peer 0x560e4e483ce0 (11 bytes)
1701113270.096059 sending message 108 to peer 0x560e4e483ce0 (36 bytes)
1701113270.096073 sending message 112 to peer 0x560e4e483ce0 (58 bytes)
1701113270.096087 sending message 112 to peer 0x560e4e483ce0 (5 bytes)
1701113270.096099 sending message 112 to peer 0x560e4e483ce0 (5 bytes)
1701113270.096108 sending message 112 to peer 0x560e4e483ce0 (6 bytes)
1701113270.096117 sending message 112 to peer 0x560e4e483ce0 (6 bytes)
1701113270.096128 sending message 112 to peer 0x560e4e483ce0 (11 bytes)
1701113270.096138 sending message 112 to peer 0x560e4e483ce0 (10 bytes)
1701113270.096148 sending message 112 to peer 0x560e4e483ce0 (13 bytes)
1701113270.096158 sending message 112 to peer 0x560e4e483ce0 (14 bytes)
1701113270.096168 sending message 112 to peer 0x560e4e483ce0 (19 bytes)
1701113270.096179 sending message 112 to peer 0x560e4e483ce0 (11 bytes)
1701113270.096188 sending message 112 to peer 0x560e4e483ce0 (10 bytes)
1701113270.096199 sending message 112 to peer 0x560e4e483ce0 (15 bytes)
1701113270.096210 sending message 112 to peer 0x560e4e483ce0 (21 bytes)
1701113270.096220 sending message 112 to peer 0x560e4e483ce0 (13 bytes)
1701113270.096230 sending message 112 to peer 0x560e4e483ce0 (7 bytes)
1701113270.096241 sending message 112 to peer 0x560e4e483ce0 (13 bytes)
1701113270.096252 sending message 112 to peer 0x560e4e483ce0 (7 bytes)
1701113270.096263 sending message 112 to peer 0x560e4e483ce0 (13 bytes)
1701113270.096274 sending message 112 to peer 0x560e4e483ce0 (9 bytes)
1701113270.096284 sending message 112 to peer 0x560e4e483ce0 (21 bytes)
1701113270.096295 sending message 112 to peer 0x560e4e483ce0 (13 bytes)
1701113270.096305 sending message 112 to peer 0x560e4e483ce0 (9 bytes)
1701113270.096316 sending message 112 to peer 0x560e4e483ce0 (16 bytes)
1701113270.096327 sending message 112 to peer 0x560e4e483ce0 (13 bytes)
1701113270.096337 sending message 112 to peer 0x560e4e483ce0 (9 bytes)
1701113270.096347 sending message 112 to peer 0x560e4e483ce0 (9 bytes)
1701113270.096358 sending message 112 to peer 0x560e4e483ce0 (12 bytes)
1701113270.096368 sending message 112 to peer 0x560e4e483ce0 (8 bytes)
1701113270.096379 sending message 112 to peer 0x560e4e483ce0 (8 bytes)
1701113270.096390 sending message 112 to peer 0x560e4e483ce0 (13 bytes)
1701113270.096400 sending message 112 to peer 0x560e4e483ce0 (7 bytes)
1701113270.096410 sending message 112 to peer 0x560e4e483ce0 (7 bytes)
1701113270.096420 sending message 112 to peer 0x560e4e483ce0 (9 bytes)
1701113270.096431 sending message 112 to peer 0x560e4e483ce0 (9 bytes)
1701113270.096441 sending message 112 to peer 0x560e4e483ce0 (15 bytes)
1701113270.096452 sending message 112 to peer 0x560e4e483ce0 (13 bytes)
1701113270.096462 sending message 112 to peer 0x560e4e483ce0 (12 bytes)
1701113270.096473 sending message 112 to peer 0x560e4e483ce0 (8 bytes)
1701113270.096483 sending message 112 to peer 0x560e4e483ce0 (14 bytes)
1701113270.096493 sending message 112 to peer 0x560e4e483ce0 (11 bytes)
1701113270.096504 sending message 112 to peer 0x560e4e483ce0 (9 bytes)
1701113270.096515 sending message 112 to peer 0x560e4e483ce0 (10 bytes)
1701113270.096526 sending message 112 to peer 0x560e4e483ce0 (10 bytes)
1701113270.096536 sending message 112 to peer 0x560e4e483ce0 (10 bytes)
1701113270.096546 sending message 112 to peer 0x560e4e483ce0 (10 bytes)
1701113270.096567 sending message 112 to peer 0x560e4e483ce0 (11 bytes)
1701113270.096577 sending message 112 to peer 0x560e4e483ce0 (12 bytes)
1701113270.096586 sending message 112 to peer 0x560e4e483ce0 (12 bytes)
1701113270.096595 sending message 112 to peer 0x560e4e483ce0 (12 bytes)
1701113270.096605 sending message 112 to peer 0x560e4e483ce0 (12 bytes)
1701113270.096615 sending message 112 to peer 0x560e4e483ce0 (12 bytes)
1701113270.096626 sending message 112 to peer 0x560e4e483ce0 (11 bytes)
1701113270.096636 sending message 112 to peer 0x560e4e483ce0 (11 bytes)
1701113270.096648 sending message 112 to peer 0x560e4e483ce0 (12 bytes)
1701113270.096658 sending message 112 to peer 0x560e4e483ce0 (12 bytes)
1701113270.096668 sending message 112 to peer 0x560e4e483ce0 (12 bytes)
1701113270.096679 sending message 112 to peer 0x560e4e483ce0 (12 bytes)
1701113270.096689 sending message 112 to peer 0x560e4e483ce0 (12 bytes)
1701113270.096700 sending message 112 to peer 0x560e4e483ce0 (9 bytes)
1701113270.096711 sending message 112 to peer 0x560e4e483ce0 (12 bytes)
1701113270.096720 sending message 112 to peer 0x560e4e483ce0 (13 bytes)
1701113270.096729 sending message 112 to peer 0x560e4e483ce0 (13 bytes)
1701113270.096739 sending message 112 to peer 0x560e4e483ce0 (13 bytes)
1701113270.096749 sending message 112 to peer 0x560e4e483ce0 (13 bytes)
1701113270.096757 sending message 112 to peer 0x560e4e483ce0 (13 bytes)
1701113270.096768 sending message 112 to peer 0x560e4e483ce0 (8 bytes)
1701113270.096778 sending message 112 to peer 0x560e4e483ce0 (11 bytes)
1701113270.096788 sending message 112 to peer 0x560e4e483ce0 (11 bytes)
1701113270.096798 sending message 112 to peer 0x560e4e483ce0 (11 bytes)
1701113270.096808 sending message 112 to peer 0x560e4e483ce0 (12 bytes)
1701113270.096819 sending message 112 to peer 0x560e4e483ce0 (12 bytes)
1701113270.096830 sending message 112 to peer 0x560e4e483ce0 (12 bytes)
1701113270.096840 sending message 112 to peer 0x560e4e483ce0 (12 bytes)
1701113270.096850 sending message 112 to peer 0x560e4e483ce0 (13 bytes)
1701113270.096861 sending message 112 to peer 0x560e4e483ce0 (13 bytes)
1701113270.096871 sending message 112 to peer 0x560e4e483ce0 (13 bytes)
1701113270.096882 sending message 112 to peer 0x560e4e483ce0 (8 bytes)
1701113270.096892 sending message 112 to peer 0x560e4e483ce0 (13 bytes)
1701113270.096903 sending message 112 to peer 0x560e4e483ce0 (13 bytes)
1701113270.096913 sending message 112 to peer 0x560e4e483ce0 (13 bytes)
1701113270.096923 sending message 112 to peer 0x560e4e483ce0 (13 bytes)
1701113270.096932 sending message 112 to peer 0x560e4e483ce0 (13 bytes)
1701113270.096943 sending message 112 to peer 0x560e4e483ce0 (12 bytes)
1701113270.096952 sending message 112 to peer 0x560e4e483ce0 (12 bytes)
1701113270.096963 sending message 112 to peer 0x560e4e483ce0 (12 bytes)
1701113270.096973 sending message 112 to peer 0x560e4e483ce0 (12 bytes)
1701113270.096984 sending message 112 to peer 0x560e4e483ce0 (13 bytes)
1701113270.096994 sending message 112 to peer 0x560e4e483ce0 (8 bytes)
1701113270.097004 sending message 112 to peer 0x560e4e483ce0 (13 bytes)
1701113270.097015 sending message 112 to peer 0x560e4e483ce0 (13 bytes)
1701113270.097025 sending message 112 to peer 0x560e4e483ce0 (13 bytes)
1701113270.097036 sending message 112 to peer 0x560e4e483ce0 (13 bytes)
1701113270.097047 sending message 112 to peer 0x560e4e483ce0 (13 bytes)
1701113270.097057 sending message 112 to peer 0x560e4e483ce0 (13 bytes)
1701113270.097067 sending message 112 to peer 0x560e4e483ce0 (13 bytes)
1701113270.097077 sending message 112 to peer 0x560e4e483ce0 (12 bytes)
1701113270.097088 sending message 112 to peer 0x560e4e483ce0 (12 bytes)
1701113270.097098 sending message 112 to peer 0x560e4e483ce0 (12 bytes)
1701113270.097109 sending message 112 to peer 0x560e4e483ce0 (8 bytes)
1701113270.097119 sending message 112 to peer 0x560e4e483ce0 (12 bytes)
1701113270.097130 sending message 112 to peer 0x560e4e483ce0 (13 bytes)
1701113270.097140 sending message 112 to peer 0x560e4e483ce0 (13 bytes)
1701113270.097158 sending message 112 to peer 0x560e4e483ce0 (13 bytes)
1701113270.097167 sending message 112 to peer 0x560e4e483ce0 (13 bytes)
1701113270.097178 sending message 112 to peer 0x560e4e483ce0 (13 bytes)
1701113270.097188 sending message 112 to peer 0x560e4e483ce0 (13 bytes)
1701113270.097198 sending message 112 to peer 0x560e4e483ce0 (13 bytes)
1701113270.097209 sending message 112 to peer 0x560e4e483ce0 (13 bytes)
1701113270.097220 sending message 112 to peer 0x560e4e483ce0 (12 bytes)
1701113270.097230 sending message 112 to peer 0x560e4e483ce0 (10 bytes)
1701113270.097241 sending message 112 to peer 0x560e4e483ce0 (12 bytes)
1701113270.097251 sending message 112 to peer 0x560e4e483ce0 (12 bytes)
1701113270.097260 sending message 112 to peer 0x560e4e483ce0 (12 bytes)
1701113270.097271 sending message 112 to peer 0x560e4e483ce0 (13 bytes)
1701113270.097281 sending message 112 to peer 0x560e4e483ce0 (13 bytes)
1701113270.097293 sending message 112 to peer 0x560e4e483ce0 (13 bytes)
1701113270.097303 sending message 112 to peer 0x560e4e483ce0 (13 bytes)
1701113270.097313 sending message 112 to peer 0x560e4e483ce0 (13 bytes)
1701113270.097324 sending message 112 to peer 0x560e4e483ce0 (13 bytes)
1701113270.097334 sending message 112 to peer 0x560e4e483ce0 (13 bytes)
1701113270.097345 sending message 112 to peer 0x560e4e483ce0 (10 bytes)
1701113270.097355 sending message 112 to peer 0x560e4e483ce0 (13 bytes)
1701113270.097365 sending message 112 to peer 0x560e4e483ce0 (12 bytes)
1701113270.097376 sending message 112 to peer 0x560e4e483ce0 (12 bytes)
1701113270.097385 sending message 112 to peer 0x560e4e483ce0 (12 bytes)
1701113270.097396 sending message 112 to peer 0x560e4e483ce0 (10 bytes)
1701113270.097406 sending message 112 to peer 0x560e4e483ce0 (10 bytes)
1701113270.097417 sending message 112 to peer 0x560e4e483ce0 (10 bytes)
1701113270.097428 sending message 112 to peer 0x560e4e483ce0 (12 bytes)
1701113270.097438 sending message 112 to peer 0x560e4e483ce0 (13 bytes)
1701113270.097448 sending message 112 to peer 0x560e4e483ce0 (13 bytes)
1701113270.097459 sending message 112 to peer 0x560e4e483ce0 (13 bytes)
1701113270.097468 sending message 112 to peer 0x560e4e483ce0 (13 bytes)
1701113270.097480 sending message 112 to peer 0x560e4e483ce0 (13 bytes)
1701113270.097490 sending message 112 to peer 0x560e4e483ce0 (10 bytes)
1701113270.097501 sending message 112 to peer 0x560e4e483ce0 (11 bytes)
1701113270.097512 sending message 112 to peer 0x560e4e483ce0 (12 bytes)
1701113270.097521 sending message 112 to peer 0x560e4e483ce0 (12 bytes)
1701113270.097530 sending message 112 to peer 0x560e4e483ce0 (12 bytes)
1701113270.097541 sending message 112 to peer 0x560e4e483ce0 (12 bytes)
1701113270.097552 sending message 112 to peer 0x560e4e483ce0 (12 bytes)
1701113270.097561 sending message 112 to peer 0x560e4e483ce0 (11 bytes)
1701113270.097570 sending message 112 to peer 0x560e4e483ce0 (12 bytes)
1701113270.097581 sending message 112 to peer 0x560e4e483ce0 (12 bytes)
1701113270.097591 sending message 112 to peer 0x560e4e483ce0 (13 bytes)
1701113270.097601 sending message 112 to peer 0x560e4e483ce0 (13 bytes)
1701113270.097610 sending message 112 to peer 0x560e4e483ce0 (13 bytes)
1701113270.097619 sending message 112 to peer 0x560e4e483ce0 (13 bytes)
1701113270.097629 sending message 112 to peer 0x560e4e483ce0 (13 bytes)
1701113270.097638 sending message 112 to peer 0x560e4e483ce0 (10 bytes)
1701113270.097649 sending message 112 to peer 0x560e4e483ce0 (9 bytes)
1701113270.097658 sending message 112 to peer 0x560e4e483ce0 (12 bytes)
1701113270.097667 sending message 112 to peer 0x560e4e483ce0 (13 bytes)
1701113270.097676 sending message 112 to peer 0x560e4e483ce0 (13 bytes)
1701113270.097685 sending message 112 to peer 0x560e4e483ce0 (13 bytes)
1701113270.097694 sending message 112 to peer 0x560e4e483ce0 (13 bytes)
1701113270.097705 sending message 112 to peer 0x560e4e483ce0 (13 bytes)
1701113270.097715 sending message 112 to peer 0x560e4e483ce0 (9 bytes)
1701113270.097724 sending message 112 to peer 0x560e4e483ce0 (12 bytes)
1701113270.097739 sending message 112 to peer 0x560e4e483ce0 (13 bytes)
1701113270.097750 sending message 112 to peer 0x560e4e483ce0 (13 bytes)
1701113270.097761 sending message 112 to peer 0x560e4e483ce0 (13 bytes)
1701113270.097770 sending message 112 to peer 0x560e4e483ce0 (13 bytes)
1701113270.097780 sending message 112 to peer 0x560e4e483ce0 (13 bytes)
1701113270.097791 sending message 112 to peer 0x560e4e483ce0 (11 bytes)
1701113270.097801 sending message 112 to peer 0x560e4e483ce0 (12 bytes)
1701113270.097812 sending message 112 to peer 0x560e4e483ce0 (13 bytes)
1701113270.097821 sending message 112 to peer 0x560e4e483ce0 (13 bytes)
1701113270.097830 sending message 112 to peer 0x560e4e483ce0 (13 bytes)
1701113270.097843 sending message 112 to peer 0x560e4e483ce0 (13 bytes)
1701113270.097854 sending message 112 to peer 0x560e4e483ce0 (13 bytes)
1701113270.097863 sending message 112 to peer 0x560e4e483ce0 (11 bytes)
1701113270.097873 sending message 112 to peer 0x560e4e483ce0 (12 bytes)
1701113270.097883 sending message 112 to peer 0x560e4e483ce0 (12 bytes)
1701113270.097894 sending message 112 to peer 0x560e4e483ce0 (12 bytes)
1701113270.097904 sending message 112 to peer 0x560e4e483ce0 (12 bytes)
1701113270.097914 sending message 112 to peer 0x560e4e483ce0 (12 bytes)
1701113270.097924 sending message 112 to peer 0x560e4e483ce0 (21 bytes)
1701113270.097935 sending message 112 to peer 0x560e4e483ce0 (12 bytes)
1701113270.097945 sending message 112 to peer 0x560e4e483ce0 (9 bytes)
1701113270.097955 sending message 112 to peer 0x560e4e483ce0 (6 bytes)
1701113270.097965 sending message 112 to peer 0x560e4e483ce0 (13 bytes)
1701113270.097976 sending message 112 to peer 0x560e4e483ce0 (10 bytes)
1701113270.097986 sending message 112 to peer 0x560e4e483ce0 (24 bytes)
1701113270.097996 sending message 112 to peer 0x560e4e483ce0 (13 bytes)
1701113270.098009 sending message 112 to peer 0x560e4e483ce0 (9 bytes)
1701113270.098020 sending message 112 to peer 0x560e4e483ce0 (70 bytes)
1701113270.098031 sending message 112 to peer 0x560e4e483ce0 (69 bytes)
1701113270.098041 sending message 112 to peer 0x560e4e483ce0 (12 bytes)
1701113270.098052 sending message 112 to peer 0x560e4e483ce0 (10 bytes)
1701113270.098062 sending message 112 to peer 0x560e4e483ce0 (10 bytes)
1701113270.098072 sending message 112 to peer 0x560e4e483ce0 (24 bytes)
1701113270.098082 sending message 112 to peer 0x560e4e483ce0 (13 bytes)
1701113270.098092 sending message 112 to peer 0x560e4e483ce0 (10 bytes)
1701113270.098104 sending message 112 to peer 0x560e4e483ce0 (10 bytes)
1701113270.098114 sending message 112 to peer 0x560e4e483ce0 (10 bytes)
1701113270.098124 sending message 112 to peer 0x560e4e483ce0 (13 bytes)
1701113270.098135 sending message 112 to peer 0x560e4e483ce0 (15 bytes)
1701113270.098144 sending message 112 to peer 0x560e4e483ce0 (5 bytes)
1701113270.098155 sending message 104 to peer 0x560e4e483ce0 (0 bytes)
1701113270.098166 sending message 110 to peer 0x560e4e483ce0 (0 bytes)
1701113270.098179 sending message 107 to peer 0x560e4e483ce0 (4 bytes)
1701113270.098189 sending message 105 to peer 0x560e4e483ce0 (46 bytes)
1701113270.098200 sending message 105 to peer 0x560e4e483ce0 (25 bytes)
1701113270.098210 sending message 105 to peer 0x560e4e483ce0 (41 bytes)
1701113270.098221 sending message 105 to peer 0x560e4e483ce0 (34 bytes)
1701113270.098231 sending message 105 to peer 0x560e4e483ce0 (12 bytes)
1701113270.098241 sending message 105 to peer 0x560e4e483ce0 (23 bytes)
1701113270.098251 sending message 105 to peer 0x560e4e483ce0 (23 bytes)
1701113270.098261 sending message 105 to peer 0x560e4e483ce0 (19 bytes)
1701113270.098271 sending message 105 to peer 0x560e4e483ce0 (52 bytes)
1701113270.098283 sending message 105 to peer 0x560e4e483ce0 (96 bytes)
1701113270.098293 sending message 105 to peer 0x560e4e483ce0 (70 bytes)
1701113270.098303 sending message 105 to peer 0x560e4e483ce0 (43 bytes)
1701113270.098313 sending message 105 to peer 0x560e4e483ce0 (17 bytes)
1701113270.098324 sending message 105 to peer 0x560e4e483ce0 (45 bytes)
1701113270.098340 sending message 105 to peer 0x560e4e483ce0 (20 bytes)
1701113270.098353 sending message 105 to peer 0x560e4e483ce0 (8 bytes)
1701113270.098363 sending message 105 to peer 0x560e4e483ce0 (16 bytes)
1701113270.098373 sending message 105 to peer 0x560e4e483ce0 (43 bytes)
1701113270.098384 sending message 105 to peer 0x560e4e483ce0 (20 bytes)
1701113270.098394 sending message 105 to peer 0x560e4e483ce0 (23 bytes)
1701113270.098404 sending message 105 to peer 0x560e4e483ce0 (20 bytes)
1701113270.098414 sending message 105 to peer 0x560e4e483ce0 (44 bytes)
1701113270.098425 sending message 105 to peer 0x560e4e483ce0 (44 bytes)
1701113270.098435 sending message 105 to peer 0x560e4e483ce0 (22 bytes)
1701113270.098446 sending message 105 to peer 0x560e4e483ce0 (19 bytes)
1701113270.098456 sending message 105 to peer 0x560e4e483ce0 (146 bytes)
1701113270.098466 sending message 105 to peer 0x560e4e483ce0 (33 bytes)
1701113270.098476 sending message 105 to peer 0x560e4e483ce0 (16 bytes)
1701113270.098487 sending message 105 to peer 0x560e4e483ce0 (135 bytes)
1701113270.098503 sending message 105 to peer 0x560e4e483ce0 (27 bytes)
1701113270.098513 sending message 105 to peer 0x560e4e483ce0 (28 bytes)
1701113270.098523 sending message 105 to peer 0x560e4e483ce0 (50 bytes)
1701113270.098534 sending message 105 to peer 0x560e4e483ce0 (32 bytes)
1701113270.098545 sending message 105 to peer 0x560e4e483ce0 (40 bytes)
1701113270.098553 sending message 105 to peer 0x560e4e483ce0 (16 bytes)
1701113270.098564 sending message 105 to peer 0x560e4e483ce0 (29 bytes)
1701113270.098574 sending message 105 to peer 0x560e4e483ce0 (35 bytes)
1701113270.098584 sending message 105 to peer 0x560e4e483ce0 (27 bytes)
1701113270.098595 sending message 105 to peer 0x560e4e483ce0 (86 bytes)
1701113270.098605 sending message 105 to peer 0x560e4e483ce0 (40 bytes)
1701113270.098615 sending message 105 to peer 0x560e4e483ce0 (11 bytes)
1701113270.098625 sending message 105 to peer 0x560e4e483ce0 (23 bytes)
1701113270.098635 sending message 105 to peer 0x560e4e483ce0 (26 bytes)
1701113270.098646 sending message 105 to peer 0x560e4e483ce0 (32 bytes)
1701113270.098659 sending message 105 to peer 0x560e4e483ce0 (43 bytes)
1701113270.098670 sending message 105 to peer 0x560e4e483ce0 (18 bytes)
1701113270.098680 sending message 105 to peer 0x560e4e483ce0 (1519 bytes)
1701113270.098721 sending message 105 to peer 0x560e4e483ce0 (28 bytes)
1701113270.098733 sending message 105 to peer 0x560e4e483ce0 (14 bytes)
1701113270.098741 sending message 105 to peer 0x560e4e483ce0 (25 bytes)
1701113270.098752 sending message 105 to peer 0x560e4e483ce0 (42 bytes)
1701113270.098763 sending message 105 to peer 0x560e4e483ce0 (86 bytes)
1701113270.098773 sending message 105 to peer 0x560e4e483ce0 (15 bytes)
1701113270.098784 sending message 105 to peer 0x560e4e483ce0 (1164 bytes)
1701113270.098796 sending message 105 to peer 0x560e4e483ce0 (53 bytes)
1701113270.098807 sending message 105 to peer 0x560e4e483ce0 (54 bytes)
1701113270.098817 sending message 105 to peer 0x560e4e483ce0 (31 bytes)
1701113270.098827 sending message 105 to peer 0x560e4e483ce0 (39 bytes)
1701113270.098838 sending message 105 to peer 0x560e4e483ce0 (18 bytes)
1701113270.098848 sending message 105 to peer 0x560e4e483ce0 (32 bytes)
1701113270.098858 sending message 105 to peer 0x560e4e483ce0 (54 bytes)
1701113270.098869 sending message 105 to peer 0x560e4e483ce0 (20 bytes)
1701113270.098880 sending message 105 to peer 0x560e4e483ce0 (37 bytes)
1701113270.098891 sending message 105 to peer 0x560e4e483ce0 (30 bytes)
1701113270.098901 sending message 105 to peer 0x560e4e483ce0 (30 bytes)
1701113270.098912 sending message 105 to peer 0x560e4e483ce0 (25 bytes)
1701113270.098922 sending message 105 to peer 0x560e4e483ce0 (56 bytes)
1701113270.098932 sending message 105 to peer 0x560e4e483ce0 (23 bytes)
1701113270.098942 sending message 105 to peer 0x560e4e483ce0 (30 bytes)
1701113270.098953 sending message 105 to peer 0x560e4e483ce0 (21 bytes)
1701113270.098969 sending message 105 to peer 0x560e4e483ce0 (49 bytes)
1701113270.098980 sending message 105 to peer 0x560e4e483ce0 (17 bytes)
1701113270.098990 sending message 105 to peer 0x560e4e483ce0 (16 bytes)
1701113270.099001 sending message 105 to peer 0x560e4e483ce0 (18 bytes)
1701113270.099011 sending message 105 to peer 0x560e4e483ce0 (18 bytes)
1701113270.099021 sending message 105 to peer 0x560e4e483ce0 (54 bytes)
1701113270.099032 sending message 105 to peer 0x560e4e483ce0 (53 bytes)
1701113270.099043 sending message 105 to peer 0x560e4e483ce0 (26 bytes)
1701113270.099054 sending message 105 to peer 0x560e4e483ce0 (61 bytes)
1701113270.099064 sending message 105 to peer 0x560e4e483ce0 (24 bytes)
1701113270.099074 sending message 105 to peer 0x560e4e483ce0 (46 bytes)
1701113270.099085 sending message 105 to peer 0x560e4e483ce0 (67 bytes)
1701113270.099096 sending message 105 to peer 0x560e4e483ce0 (46 bytes)
1701113270.099106 sending message 105 to peer 0x560e4e483ce0 (33 bytes)
1701113270.099117 sending message 105 to peer 0x560e4e483ce0 (43 bytes)
1701113270.099127 sending message 105 to peer 0x560e4e483ce0 (49 bytes)
1701113270.099137 sending message 105 to peer 0x560e4e483ce0 (44 bytes)
1701113270.099148 sending message 105 to peer 0x560e4e483ce0 (76 bytes)
1701113270.099158 sending message 105 to peer 0x560e4e483ce0 (23 bytes)
1701113270.099169 sending message 105 to peer 0x560e4e483ce0 (46 bytes)
1701113270.099179 sending message 105 to peer 0x560e4e483ce0 (38 bytes)
1701113270.099189 sending message 105 to peer 0x560e4e483ce0 (8 bytes)
1701113270.099200 sending message 105 to peer 0x560e4e483ce0 (30 bytes)
1701113270.099211 sending message 105 to peer 0x560e4e483ce0 (61 bytes)
1701113270.099222 sending message 105 to peer 0x560e4e483ce0 (26 bytes)
1701113270.099231 sending message 105 to peer 0x560e4e483ce0 (30 bytes)
1701113270.099242 sending message 105 to peer 0x560e4e483ce0 (11 bytes)
1701113270.099253 sending message 105 to peer 0x560e4e483ce0 (17 bytes)
1701113270.099264 sending message 106 to peer 0x560e4e483ce0 (0 bytes)
1701113270.099278 sending message 200 to peer 0x560e4e483ce0 (4 bytes)
1701113270.099288 client loop enter
1701113270.104851 peer 0x560e4e483ce0 message 207
1701113270.104921 sending message 208 to peer 0x560e4e483ce0 (0 bytes)
1701113592.418282 client loop exit
